<?xml version="1.0" encoding="utf-8"?><testsuites><testsuite errors="0" failures="0" hostname="IN2396424W1" name="pytest" skipped="0" tests="4" time="13.068" timestamp="2024-11-21T14:06:43.077057"><testcase classname="test_pipeline" name="test_col_exists" time="12.419" /><testcase classname="test_pipeline" name="test_null_check" time="0.001" /><testcase classname="test_pipeline" name="test_unique_check" time="0.001" /><testcase classname="test_pipeline" name="test_dtype_str" time="0.000" /></testsuite></testsuites>