<?xml version="1.0" encoding="utf-8"?><testsuites><testsuite errors="0" failures="0" hostname="IN2396424W1" name="pytest" skipped="0" tests="5" time="12.861" timestamp="2024-12-03T15:34:16.793655"><testcase classname="test_pipeline" name="test_col_exists" time="12.488" /><testcase classname="test_pipeline" name="test_null_check_pid" time="0.001" /><testcase classname="test_pipeline" name="test_null_check_fname" time="0.001" /><testcase classname="test_pipeline" name="test_unique_check" time="0.001" /><testcase classname="test_pipeline" name="test_dtype_str" time="0.000" /></testsuite></testsuites>